{"sessionId": "820335", "timestamp": 1781917707295, "location": "server.py:middleware", "message": "api request", "data": {"method": "GET", "path": "/api/policies/apps", "status": 200, "elapsed_ms": 1276}, "hypothesisId": "H2", "runId": "ui-buttons"}
{"sessionId": "820335", "timestamp": 1781917718011, "location": "server.py:middleware", "message": "api request", "data": {"method": "POST", "path": "/api/approve/69939a4c", "status": 200, "elapsed_ms": 1}, "hypothesisId": "H2", "runId": "ui-buttons"}
{"sessionId": "820335", "timestamp": 1781917718027, "location": "server.py:middleware", "message": "api request", "data": {"method": "POST", "path": "/api/approve/missing-id", "status": 404, "elapsed_ms": 0}, "hypothesisId": "H2", "runId": "ui-buttons"}
{"sessionId": "820335", "timestamp": 1781917718192, "location": "server.py:middleware", "message": "api request", "data": {"method": "POST", "path": "/api/approve/52a0a58a", "status": 200, "elapsed_ms": 0}, "hypothesisId": "H2", "runId": "ui-buttons"}
{"sessionId": "820335", "timestamp": 1781917718359, "location": "server.py:middleware", "message": "api request", "data": {"method": "POST", "path": "/api/approve/1e5f8608", "status": 200, "elapsed_ms": 0}, "hypothesisId": "H2", "runId": "ui-buttons"}
{"sessionId": "820335", "timestamp": 1781917721924, "location": "server.py:middleware", "message": "api request", "data": {"method": "POST", "path": "/api/restore-defaults", "status": 200, "elapsed_ms": 1294}, "hypothesisId": "H2", "runId": "ui-buttons"}
{"sessionId": "820335", "timestamp": 1781917723287, "location": "index.html:refresh", "message": "status ok", "data": {"active": true, "ai": 3, "net": 0, "pending": 1}, "hypothesisId": "H5", "runId": "ui-buttons"}
{"sessionId": "820335", "timestamp": 1781917723358, "location": "server.py:middleware", "message": "api request", "data": {"method": "POST", "path": "/api/debug-log", "status": 200, "elapsed_ms": 515}, "hypothesisId": "H2", "runId": "ui-buttons"}
{"sessionId": "820335", "timestamp": 1781917724983, "location": "server.py:middleware", "message": "api request", "data": {"method": "GET", "path": "/api/extensions", "status": 200, "elapsed_ms": 544}, "hypothesisId": "H2", "runId": "ui-buttons"}
{"sessionId": "820335", "timestamp": 1781917725512, "location": "server.py:middleware", "message": "api request", "data": {"method": "GET", "path": "/api/policies/apps", "status": 200, "elapsed_ms": 1073}, "hypothesisId": "H2", "runId": "ui-buttons"}
{"sessionId": "820335", "timestamp": 1781917728289, "location": "server.py:middleware", "message": "api request", "data": {"method": "GET", "path": "/api/policies/apps", "status": 200, "elapsed_ms": 838}, "hypothesisId": "H2", "runId": "ui-buttons"}
{"sessionId": "820335", "timestamp": 1781917734291, "location": "server.py:middleware", "message": "api request", "data": {"method": "GET", "path": "/api/status", "status": 200, "elapsed_ms": 1389}, "hypothesisId": "H2", "runId": "ui-buttons"}
{"sessionId": "820335", "timestamp": 1781917735209, "location": "server.py:middleware", "message": "api request", "data": {"method": "GET", "path": "/api/policies/apps", "status": 200, "elapsed_ms": 652}, "hypothesisId": "H2", "runId": "ui-buttons"}
{"sessionId": "820335", "timestamp": 1781917737771, "location": "server.py:middleware", "message": "api request", "data": {"method": "GET", "path": "/api/policies/apps", "status": 200, "elapsed_ms": 748}, "hypothesisId": "H2", "runId": "ui-buttons"}
{"sessionId": "820335", "timestamp": 1781917740435, "location": "server.py:middleware", "message": "api request", "data": {"method": "GET", "path": "/api/models", "status": 200, "elapsed_ms": 513}, "hypothesisId": "H2", "runId": "ui-buttons"}
{"sessionId": "820335", "timestamp": 1781917740435, "location": "server.py:middleware", "message": "api request", "data": {"method": "GET", "path": "/api/extensions", "status": 200, "elapsed_ms": 514}, "hypothesisId": "H2", "runId": "ui-buttons"}
{"sessionId": "820335", "timestamp": 1781917740437, "location": "server.py:middleware", "message": "api request", "data": {"method": "GET", "path": "/api/policies/apps", "status": 200, "elapsed_ms": 517}, "hypothesisId": "H2", "runId": "ui-buttons"}
{"sessionId": "820335", "timestamp": 1781917743686, "location": "index.html:refresh", "message": "status ok", "data": {"active": true, "ai": 3, "net": 0, "pending": 1}, "hypothesisId": "H5", "runId": "ui-buttons"}
{"sessionId": "820335", "timestamp": 1781917744103, "location": "server.py:middleware", "message": "api request", "data": {"method": "POST", "path": "/api/debug-log", "status": 200, "elapsed_ms": 418}, "hypothesisId": "H2", "runId": "ui-buttons"}
{"sessionId": "820335", "timestamp": 1781917744509, "location": "server.py:middleware", "message": "api request", "data": {"method": "GET", "path": "/api/policies/apps", "status": 200, "elapsed_ms": 1217}, "hypothesisId": "H2", "runId": "ui-buttons"}
{"sessionId": "820335", "timestamp": 1781917747117, "location": "server.py:middleware", "message": "api request", "data": {"method": "GET", "path": "/api/status", "status": 200, "elapsed_ms": 3824}, "hypothesisId": "H2", "runId": "ui-buttons"}
{"sessionId": "820335", "timestamp": 1781917749186, "location": "server.py:middleware", "message": "api request", "data": {"method": "GET", "path": "/api/policies/apps", "status": 200, "elapsed_ms": 814}, "hypothesisId": "H2", "runId": "ui-buttons"}
{"sessionId": "820335", "timestamp": 1781917752581, "location": "server.py:middleware", "message": "api request", "data": {"method": "GET", "path": "/api/policies/apps", "status": 200, "elapsed_ms": 881}, "hypothesisId": "H2", "runId": "ui-buttons"}
{"sessionId": "820335", "timestamp": 1781917754954, "location": "server.py:middleware", "message": "api request", "data": {"method": "GET", "path": "/api/status", "status": 200, "elapsed_ms": 962}, "hypothesisId": "H2", "runId": "ui-buttons"}
{"sessionId": "820335", "timestamp": 1781917757047, "location": "server.py:middleware", "message": "api request", "data": {"method": "GET", "path": "/api/policies/apps", "status": 200, "elapsed_ms": 1250}, "hypothesisId": "H2", "runId": "ui-buttons"}
{"sessionId": "820335", "timestamp": 1781917758215, "location": "server.py:middleware", "message": "api request", "data": {"method": "GET", "path": "/api/policies/apps", "status": 200, "elapsed_ms": 800}, "hypothesisId": "H2", "runId": "ui-buttons"}
{"sessionId": "820335", "timestamp": 1781917762126, "location": "server.py:middleware", "message": "api request", "data": {"method": "GET", "path": "/api/policies/apps", "status": 200, "elapsed_ms": 1269}, "hypothesisId": "H2", "runId": "ui-buttons"}
{"sessionId": "820335", "timestamp": 1781917763764, "location": "index.html:refresh", "message": "status ok", "data": {"active": true, "ai": 3, "net": 0, "pending": 1}, "hypothesisId": "H5", "runId": "ui-buttons"}
{"sessionId": "820335", "timestamp": 1781917764168, "location": "server.py:middleware", "message": "api request", "data": {"method": "POST", "path": "/api/debug-log", "status": 200, "elapsed_ms": 1229}, "hypothesisId": "H2", "runId": "ui-buttons"}
{"sessionId": "820335", "timestamp": 1781917767742, "location": "server.py:middleware", "message": "api request", "data": {"method": "GET", "path": "/api/status", "status": 200, "elapsed_ms": 2356}, "hypothesisId": "H2", "runId": "ui-buttons"}
{"sessionId": "820335", "timestamp": 1781917768924, "location": "server.py:middleware", "message": "api request", "data": {"method": "GET", "path": "/api/status", "status": 200, "elapsed_ms": 4755}, "hypothesisId": "H2", "runId": "ui-buttons"}
{"sessionId": "820335", "timestamp": 1781917770087, "location": "server.py:middleware", "message": "api request", "data": {"method": "GET", "path": "/api/extensions", "status": 200, "elapsed_ms": 579}, "hypothesisId": "H2", "runId": "ui-buttons"}
{"sessionId": "820335", "timestamp": 1781917770116, "location": "server.py:middleware", "message": "api request", "data": {"method": "GET", "path": "/api/status", "status": 200, "elapsed_ms": 609}, "hypothesisId": "H2", "runId": "ui-buttons"}
{"sessionId": "820335", "timestamp": 1781917770836, "location": "server.py:middleware", "message": "api request", "data": {"method": "GET", "path": "/api/models", "status": 200, "elapsed_ms": 1221}, "hypothesisId": "H2", "runId": "ui-buttons"}
{"sessionId": "820335", "timestamp": 1781917770971, "location": "server.py:middleware", "message": "api request", "data": {"method": "GET", "path": "/api/policies/apps", "status": 200, "elapsed_ms": 1464}, "hypothesisId": "H2", "runId": "ui-buttons"}
{"sessionId": "820335", "timestamp": 1781917772403, "location": "server.py:middleware", "message": "api request", "data": {"method": "GET", "path": "/api/policies/apps", "status": 200, "elapsed_ms": 853}, "hypothesisId": "H2", "runId": "ui-buttons"}
{"sessionId": "820335", "timestamp": 1781917774780, "location": "server.py:middleware", "message": "api request", "data": {"method": "GET", "path": "/api/policies/apps", "status": 200, "elapsed_ms": 1593}, "hypothesisId": "H2", "runId": "ui-buttons"}
{"sessionId": "820335", "timestamp": 1781917777596, "location": "server.py:middleware", "message": "api request", "data": {"method": "GET", "path": "/api/policies/apps", "status": 200, "elapsed_ms": 2405}, "hypothesisId": "H2", "runId": "ui-buttons"}
{"sessionId": "820335", "timestamp": 1781917777745, "location": "server.py:middleware", "message": "api request", "data": {"method": "GET", "path": "/api/status", "status": 200, "elapsed_ms": 2554}, "hypothesisId": "H2", "runId": "ui-buttons"}
{"sessionId": "820335", "timestamp": 1781917778690, "location": "server.py:middleware", "message": "api request", "data": {"method": "GET", "path": "/api/policies/apps", "status": 200, "elapsed_ms": 530}, "hypothesisId": "H2", "runId": "ui-buttons"}
{"sessionId": "820335", "timestamp": 1781917782494, "location": "server.py:middleware", "message": "api request", "data": {"method": "GET", "path": "/api/policies/apps", "status": 200, "elapsed_ms": 789}, "hypothesisId": "H2", "runId": "ui-buttons"}
{"sessionId": "820335", "timestamp": 1781917783721, "location": "index.html:refresh", "message": "status ok", "data": {"active": true, "ai": 3, "net": 0, "pending": 1}, "hypothesisId": "H5", "runId": "ui-buttons"}
{"sessionId": "820335", "timestamp": 1781917783721, "location": "server.py:middleware", "message": "api request", "data": {"method": "POST", "path": "/api/debug-log", "status": 200, "elapsed_ms": 414}, "hypothesisId": "H2", "runId": "ui-buttons"}
{"sessionId": "820335", "timestamp": 1781917784989, "location": "server.py:middleware", "message": "api request", "data": {"method": "GET", "path": "/api/status", "status": 200, "elapsed_ms": 859}, "hypothesisId": "H2", "runId": "ui-buttons"}
{"sessionId": "820335", "timestamp": 1781917788698, "location": "server.py:middleware", "message": "api request", "data": {"method": "GET", "path": "/api/status", "status": 200, "elapsed_ms": 3295}, "hypothesisId": "H2", "runId": "ui-buttons"}
{"sessionId": "820335", "timestamp": 1781917788828, "location": "server.py:middleware", "message": "api request", "data": {"method": "GET", "path": "/api/policies/apps", "status": 200, "elapsed_ms": 3425}, "hypothesisId": "H2", "runId": "ui-buttons"}
{"sessionId": "820335", "timestamp": 1781917789811, "location": "server.py:middleware", "message": "api request", "data": {"method": "GET", "path": "/api/status", "status": 200, "elapsed_ms": 545}, "hypothesisId": "H2", "runId": "ui-buttons"}
{"sessionId": "820335", "timestamp": 1781917790434, "location": "server.py:middleware", "message": "api request", "data": {"method": "GET", "path": "/api/extensions", "status": 200, "elapsed_ms": 1114}, "hypothesisId": "H2", "runId": "ui-buttons"}
{"sessionId": "820335", "timestamp": 1781917791785, "location": "server.py:middleware", "message": "api request", "data": {"method": "GET", "path": "/api/policies/apps", "status": 200, "elapsed_ms": 2465}, "hypothesisId": "H2", "runId": "ui-buttons"}
{"sessionId": "820335", "timestamp": 1781917794157, "location": "server.py:middleware", "message": "api request", "data": {"method": "GET", "path": "/api/policies/apps", "status": 200, "elapsed_ms": 1968}, "hypothesisId": "H2", "runId": "ui-buttons"}
{"sessionId": "820335", "timestamp": 1781917794931, "location": "server.py:middleware", "message": "api request", "data": {"method": "GET", "path": "/api/extensions", "status": 200, "elapsed_ms": 1563}, "hypothesisId": "H2", "runId": "ui-buttons"}
{"sessionId": "820335", "timestamp": 1781917795323, "location": "server.py:middleware", "message": "api request", "data": {"method": "GET", "path": "/api/models", "status": 200, "elapsed_ms": 1954}, "hypothesisId": "H2", "runId": "ui-buttons"}
{"sessionId": "820335", "timestamp": 1781917795324, "location": "server.py:middleware", "message": "api request", "data": {"method": "GET", "path": "/api/status", "status": 200, "elapsed_ms": 1166}, "hypothesisId": "H2", "runId": "ui-buttons"}
{"sessionId": "820335", "timestamp": 1781917799366, "location": "server.py:middleware", "message": "api request", "data": {"method": "GET", "path": "/api/status", "status": 200, "elapsed_ms": 3242}, "hypothesisId": "H2", "runId": "ui-buttons"}
{"sessionId": "820335", "timestamp": 1781917800135, "location": "server.py:middleware", "message": "api request", "data": {"method": "GET", "path": "/api/policies/apps", "status": 200, "elapsed_ms": 4810}, "hypothesisId": "H2", "runId": "ui-buttons"}
{"sessionId": "820335", "timestamp": 1781917801379, "location": "server.py:middleware", "message": "api request", "data": {"method": "GET", "path": "/api/policies/apps", "status": 200, "elapsed_ms": 1046}, "hypothesisId": "H2", "runId": "ui-buttons"}
{"sessionId": "820335", "timestamp": 1781917803439, "location": "index.html:refresh", "message": "status ok", "data": {"active": true, "ai": 3, "net": 0, "pending": 1}, "hypothesisId": "H5", "runId": "ui-buttons"}
{"sessionId": "820335", "timestamp": 1781917804223, "location": "server.py:middleware", "message": "api request", "data": {"method": "POST", "path": "/api/debug-log", "status": 200, "elapsed_ms": 784}, "hypothesisId": "H2", "runId": "ui-buttons"}
{"sessionId": "820335", "timestamp": 1781917804626, "location": "server.py:middleware", "message": "api request", "data": {"method": "GET", "path": "/api/policies/apps", "status": 200, "elapsed_ms": 3145}, "hypothesisId": "H2", "runId": "ui-buttons"}
{"sessionId": "820335", "timestamp": 1781917805817, "location": "server.py:middleware", "message": "api request", "data": {"method": "GET", "path": "/api/policies/apps", "status": 200, "elapsed_ms": 1188}, "hypothesisId": "H2", "runId": "ui-buttons"}
{"sessionId": "820335", "timestamp": 1781917808122, "location": "server.py:middleware", "message": "api request", "data": {"method": "GET", "path": "/api/status", "status": 200, "elapsed_ms": 1899}, "hypothesisId": "H2", "runId": "ui-buttons"}
{"sessionId": "820335", "timestamp": 1781917808803, "location": "server.py:middleware", "message": "api request", "data": {"method": "GET", "path": "/api/policies/apps", "status": 200, "elapsed_ms": 2580}, "hypothesisId": "H2", "runId": "ui-buttons"}
{"sessionId": "820335", "timestamp": 1781917809545, "location": "server.py:middleware", "message": "api request", "data": {"method": "GET", "path": "/api/policies/apps", "status": 200, "elapsed_ms": 635}, "hypothesisId": "H2", "runId": "ui-buttons"}
{"sessionId": "820335", "timestamp": 1781917812758, "location": "server.py:middleware", "message": "api request", "data": {"method": "GET", "path": "/api/models", "status": 200, "elapsed_ms": 1194}, "hypothesisId": "H2", "runId": "ui-buttons"}
{"sessionId": "820335", "timestamp": 1781917813164, "location": "server.py:middleware", "message": "api request", "data": {"method": "GET", "path": "/api/extensions", "status": 200, "elapsed_ms": 1599}, "hypothesisId": "H2", "runId": "ui-buttons"}
{"sessionId": "820335", "timestamp": 1781917816664, "location": "server.py:middleware", "message": "api request", "data": {"method": "GET", "path": "/api/policies/apps", "status": 200, "elapsed_ms": 5100}, "hypothesisId": "H2", "runId": "ui-buttons"}
{"sessionId": "820335", "timestamp": 1781917821252, "location": "server.py:middleware", "message": "api request", "data": {"method": "GET", "path": "/api/status", "status": 200, "elapsed_ms": 4024}, "hypothesisId": "H2", "runId": "ui-buttons"}
{"sessionId": "820335", "timestamp": 1781917822448, "location": "server.py:middleware", "message": "api request", "data": {"method": "GET", "path": "/api/policies/apps", "status": 200, "elapsed_ms": 5220}, "hypothesisId": "H2", "runId": "ui-buttons"}
{"sessionId": "820335", "timestamp": 1781917823237, "location": "server.py:middleware", "message": "api request", "data": {"method": "GET", "path": "/api/status", "status": 200, "elapsed_ms": 788}, "hypothesisId": "H2", "runId": "ui-buttons"}
{"sessionId": "820335", "timestamp": 1781917825202, "location": "index.html:refresh", "message": "status ok", "data": {"active": true, "ai": 3, "net": 0, "pending": 1}, "hypothesisId": "H5", "runId": "ui-buttons"}
{"sessionId": "820335", "timestamp": 1781917825203, "location": "server.py:middleware", "message": "api request", "data": {"method": "POST", "path": "/api/debug-log", "status": 200, "elapsed_ms": 1961}, "hypothesisId": "H2", "runId": "ui-buttons"}
{"sessionId": "820335", "timestamp": 1781917826023, "location": "server.py:middleware", "message": "api request", "data": {"method": "GET", "path": "/api/status", "status": 200, "elapsed_ms": 819}, "hypothesisId": "H2", "runId": "ui-buttons"}
{"sessionId": "820335", "timestamp": 1781917826024, "location": "server.py:middleware", "message": "api request", "data": {"method": "GET", "path": "/api/policies/apps", "status": 200, "elapsed_ms": 2788}, "hypothesisId": "H2", "runId": "ui-buttons"}
{"sessionId": "820335", "timestamp": 1781917826994, "location": "server.py:middleware", "message": "api request", "data": {"method": "GET", "path": "/api/extensions", "status": 200, "elapsed_ms": 1374}, "hypothesisId": "H2", "runId": "ui-buttons"}
{"sessionId": "820335", "timestamp": 1781917827019, "location": "server.py:middleware", "message": "api request", "data": {"method": "GET", "path": "/api/models", "status": 200, "elapsed_ms": 1400}, "hypothesisId": "H2", "runId": "ui-buttons"}
{"sessionId": "820335", "timestamp": 1781917827622, "location": "server.py:middleware", "message": "api request", "data": {"method": "GET", "path": "/api/status", "status": 200, "elapsed_ms": 2002}, "hypothesisId": "H2", "runId": "ui-buttons"}
{"sessionId": "820335", "timestamp": 1781917827777, "location": "server.py:middleware", "message": "api request", "data": {"method": "GET", "path": "/api/status", "status": 200, "elapsed_ms": 1263}, "hypothesisId": "H2", "runId": "ui-buttons"}
{"sessionId": "820335", "timestamp": 1781917827828, "location": "server.py:middleware", "message": "api request", "data": {"method": "GET", "path": "/api/health", "status": 200, "elapsed_ms": 834}, "hypothesisId": "H2", "runId": "ui-buttons"}
{"sessionId": "820335", "timestamp": 1781917830647, "location": "server.py:middleware", "message": "api request", "data": {"method": "GET", "path": "/api/policies/apps", "status": 200, "elapsed_ms": 3653}, "hypothesisId": "H2", "runId": "ui-buttons"}
{"sessionId": "820335", "timestamp": 1781917831021, "location": "server.py:middleware", "message": "api request", "data": {"method": "GET", "path": "/api/status", "status": 200, "elapsed_ms": 2708}, "hypothesisId": "H2", "runId": "ui-buttons"}
{"sessionId": "820335", "timestamp": 1781917831386, "location": "server.py:middleware", "message": "api request", "data": {"method": "GET", "path": "/api/status", "status": 200, "elapsed_ms": 3608}, "hypothesisId": "H2", "runId": "ui-buttons"}
{"sessionId": "820335", "timestamp": 1781917832180, "location": "server.py:middleware", "message": "api request", "data": {"method": "GET", "path": "/api/status", "status": 200, "elapsed_ms": 778}, "hypothesisId": "H2", "runId": "ui-buttons"}
{"sessionId": "820335", "timestamp": 1781917839272, "location": "server.py:middleware", "message": "api request", "data": {"method": "GET", "path": "/api/status", "status": 200, "elapsed_ms": 951}, "hypothesisId": "H2", "runId": "ui-buttons"}
{"sessionId": "820335", "timestamp": 1781917840667, "location": "server.py:middleware", "message": "api request", "data": {"method": "GET", "path": "/api/policies/apps", "status": 200, "elapsed_ms": 9866}, "hypothesisId": "H2", "runId": "ui-buttons"}
{"sessionId": "820335", "timestamp": 1781917843460, "location": "index.html:refresh", "message": "status ok", "data": {"active": true, "ai": 3, "net": 0, "pending": 1}, "hypothesisId": "H5", "runId": "ui-buttons"}
{"sessionId": "820335", "timestamp": 1781917843462, "location": "server.py:middleware", "message": "api request", "data": {"method": "POST", "path": "/api/debug-log", "status": 200, "elapsed_ms": 2}, "hypothesisId": "H2", "runId": "ui-buttons"}
{"sessionId": "820335", "timestamp": 1781917844748, "location": "server.py:middleware", "message": "api request", "data": {"method": "GET", "path": "/api/status", "status": 200, "elapsed_ms": 882}, "hypothesisId": "H2", "runId": "ui-buttons"}
{"sessionId": "820335", "timestamp": 1781917851852, "location": "server.py:middleware", "message": "api request", "data": {"method": "GET", "path": "/api/status", "status": 200, "elapsed_ms": 2056}, "hypothesisId": "H2", "runId": "ui-buttons"}
{"sessionId": "820335", "timestamp": 1781917853042, "location": "server.py:middleware", "message": "api request", "data": {"method": "GET", "path": "/api/policies/apps", "status": 200, "elapsed_ms": 11984}, "hypothesisId": "H2", "runId": "ui-buttons"}
{"sessionId": "820335", "timestamp": 1781917853044, "location": "server.py:middleware", "message": "api request", "data": {"method": "GET", "path": "/api/policies/apps", "status": 200, "elapsed_ms": 1590}, "hypothesisId": "H2", "runId": "ui-buttons"}
{"sessionId": "820335", "timestamp": 1781917853825, "location": "server.py:middleware", "message": "api request", "data": {"method": "GET", "path": "/api/status", "status": 200, "elapsed_ms": 781}, "hypothesisId": "H2", "runId": "ui-buttons"}
{"sessionId": "820335", "timestamp": 1781917860219, "location": "server.py:middleware", "message": "api request", "data": {"method": "GET", "path": "/api/status", "status": 200, "elapsed_ms": 647}, "hypothesisId": "H2", "runId": "ui-buttons"}
{"sessionId": "820335", "timestamp": 1781917860469, "location": "server.py:middleware", "message": "api request", "data": {"method": "GET", "path": "/api/policies/apps", "status": 200, "elapsed_ms": 7430}, "hypothesisId": "H2", "runId": "ui-buttons"}
{"sessionId": "820335", "timestamp": 1781917860821, "location": "server.py:middleware", "message": "api request", "data": {"method": "GET", "path": "/api/policies/apps", "status": 200, "elapsed_ms": 6997}, "hypothesisId": "H2", "runId": "ui-buttons"}
{"sessionId": "820335", "timestamp": 1781917862587, "location": "server.py:middleware", "message": "api request", "data": {"method": "GET", "path": "/api/policies/apps", "status": 200, "elapsed_ms": 3014}, "hypothesisId": "H2", "runId": "ui-buttons"}
{"sessionId": "820335", "timestamp": 1781917864571, "location": "server.py:middleware", "message": "api request", "data": {"method": "GET", "path": "/api/status", "status": 200, "elapsed_ms": 4238}, "hypothesisId": "H2", "runId": "ui-buttons"}
{"sessionId": "820335", "timestamp": 1781917865356, "location": "server.py:middleware", "message": "api request", "data": {"method": "GET", "path": "/api/policies/apps", "status": 200, "elapsed_ms": 4382}, "hypothesisId": "H2", "runId": "ui-buttons"}
{"sessionId": "820335", "timestamp": 1781917865772, "location": "index.html:refresh", "message": "status ok", "data": {"active": true, "ai": 3, "net": 0, "pending": 0}, "hypothesisId": "H5", "runId": "ui-buttons"}
{"sessionId": "820335", "timestamp": 1781917866162, "location": "server.py:middleware", "message": "api request", "data": {"method": "POST", "path": "/api/debug-log", "status": 200, "elapsed_ms": 801}, "hypothesisId": "H2", "runId": "ui-buttons"}
{"sessionId": "820335", "timestamp": 1781917867698, "location": "server.py:middleware", "message": "api request", "data": {"method": "GET", "path": "/api/policies/apps", "status": 200, "elapsed_ms": 2336}, "hypothesisId": "H2", "runId": "ui-buttons"}
{"sessionId": "820335", "timestamp": 1781917868412, "location": "server.py:middleware", "message": "api request", "data": {"method": "GET", "path": "/api/policies/apps", "status": 200, "elapsed_ms": 3447}, "hypothesisId": "H2", "runId": "ui-buttons"}
{"sessionId": "820335", "timestamp": 1781917869057, "location": "server.py:middleware", "message": "api request", "data": {"method": "GET", "path": "/api/policies/apps", "status": 200, "elapsed_ms": 1233}, "hypothesisId": "H2", "runId": "ui-buttons"}
{"sessionId": "820335", "timestamp": 1781917873658, "location": "server.py:middleware", "message": "api request", "data": {"method": "GET", "path": "/api/policies/apps", "status": 200, "elapsed_ms": 4470}, "hypothesisId": "H2", "runId": "ui-buttons"}
{"sessionId": "820335", "timestamp": 1781917878417, "location": "server.py:middleware", "message": "api request", "data": {"method": "GET", "path": "/api/policies/apps", "status": 200, "elapsed_ms": 3823}, "hypothesisId": "H2", "runId": "ui-buttons"}
{"sessionId": "820335", "timestamp": 1781917886567, "location": "server.py:middleware", "message": "api request", "data": {"method": "GET", "path": "/api/status", "status": 200, "elapsed_ms": 16950}, "hypothesisId": "H2", "runId": "ui-buttons"}
{"sessionId": "820335", "timestamp": 1781917890098, "location": "server.py:middleware", "message": "api request", "data": {"method": "GET", "path": "/api/status", "status": 200, "elapsed_ms": 4851}, "hypothesisId": "H2", "runId": "ui-buttons"}
{"sessionId": "820335", "timestamp": 1781917893002, "location": "server.py:middleware", "message": "api request", "data": {"method": "GET", "path": "/api/extensions", "status": 200, "elapsed_ms": 829}, "hypothesisId": "H2", "runId": "ui-buttons"}
{"sessionId": "820335", "timestamp": 1781917893003, "location": "server.py:middleware", "message": "api request", "data": {"method": "GET", "path": "/api/models", "status": 200, "elapsed_ms": 830}, "hypothesisId": "H2", "runId": "ui-buttons"}
{"sessionId": "820335", "timestamp": 1781917893775, "location": "server.py:middleware", "message": "api request", "data": {"method": "GET", "path": "/api/status", "status": 200, "elapsed_ms": 1195}, "hypothesisId": "H2", "runId": "ui-buttons"}
{"sessionId": "820335", "timestamp": 1781917894181, "location": "server.py:middleware", "message": "api request", "data": {"method": "GET", "path": "/api/status", "status": 200, "elapsed_ms": 1179}, "hypothesisId": "H2", "runId": "ui-buttons"}
{"sessionId": "820335", "timestamp": 1781917894183, "location": "server.py:middleware", "message": "api request", "data": {"method": "GET", "path": "/api/policies/apps", "status": 200, "elapsed_ms": 15729}, "hypothesisId": "H2", "runId": "ui-buttons"}
{"sessionId": "820335", "timestamp": 1781917894588, "location": "server.py:middleware", "message": "api request", "data": {"method": "GET", "path": "/api/status", "status": 200, "elapsed_ms": 811}, "hypothesisId": "H2", "runId": "ui-buttons"}
{"sessionId": "820335", "timestamp": 1781917895370, "location": "server.py:middleware", "message": "api request", "data": {"method": "GET", "path": "/api/status", "status": 200, "elapsed_ms": 8413}, "hypothesisId": "H2", "runId": "ui-buttons"}
{"sessionId": "820335", "timestamp": 1781917897440, "location": "index.html:refresh", "message": "status failed", "data": {"error": "Request timed out \u2014 is the service running?", "protocol": "http:"}, "hypothesisId": "H4", "runId": "ui-buttons"}
{"sessionId": "820335", "timestamp": 1781917897633, "location": "server.py:middleware", "message": "api request", "data": {"method": "POST", "path": "/api/debug-log", "status": 200, "elapsed_ms": 249}, "hypothesisId": "H2", "runId": "ui-buttons"}
{"sessionId": "820335", "timestamp": 1781917898822, "location": "server.py:middleware", "message": "api request", "data": {"method": "GET", "path": "/api/policies/apps", "status": 200, "elapsed_ms": 4234}, "hypothesisId": "H2", "runId": "ui-buttons"}
{"sessionId": "820335", "timestamp": 1781917899112, "location": "server.py:middleware", "message": "api request", "data": {"method": "GET", "path": "/api/status", "status": 200, "elapsed_ms": 2512}, "hypothesisId": "H2", "runId": "ui-buttons"}
{"sessionId": "820335", "timestamp": 1781917899224, "location": "server.py:middleware", "message": "api request", "data": {"method": "GET", "path": "/api/status", "status": 200, "elapsed_ms": 944}, "hypothesisId": "H2", "runId": "ui-buttons"}
{"sessionId": "820335", "timestamp": 1781917902841, "location": "server.py:middleware", "message": "api request", "data": {"method": "GET", "path": "/api/policies/apps", "status": 200, "elapsed_ms": 3647}, "hypothesisId": "H2", "runId": "ui-buttons"}
{"sessionId": "820335", "timestamp": 1781917902846, "location": "index.html:refresh", "message": "status ok", "data": {"active": true, "ai": 3, "net": 0, "pending": 0}, "hypothesisId": "H5", "runId": "ui-buttons"}
{"sessionId": "820335", "timestamp": 1781917902847, "location": "server.py:middleware", "message": "api request", "data": {"method": "POST", "path": "/api/debug-log", "status": 200, "elapsed_ms": 1}, "hypothesisId": "H2", "runId": "ui-buttons"}
{"sessionId": "820335", "timestamp": 1781917906488, "location": "server.py:middleware", "message": "api request", "data": {"method": "GET", "path": "/api/policies/apps", "status": 200, "elapsed_ms": 3645}, "hypothesisId": "H2", "runId": "ui-buttons"}
{"sessionId": "820335", "timestamp": 1781917913783, "location": "server.py:middleware", "message": "api request", "data": {"method": "GET", "path": "/api/status", "status": 200, "elapsed_ms": 5376}, "hypothesisId": "H2", "runId": "ui-buttons"}
{"sessionId": "820335", "timestamp": 1781917916928, "location": "server.py:middleware", "message": "api request", "data": {"method": "GET", "path": "/api/extensions", "status": 200, "elapsed_ms": 626}, "hypothesisId": "H2", "runId": "ui-buttons"}
{"sessionId": "820335", "timestamp": 1781917922608, "location": "server.py:middleware", "message": "api request", "data": {"method": "GET", "path": "/api/status", "status": 200, "elapsed_ms": 4180}, "hypothesisId": "H2", "runId": "ui-buttons"}
{"sessionId": "820335", "timestamp": 1781917924610, "location": "server.py:middleware", "message": "api request", "data": {"method": "GET", "path": "/api/policies/apps", "status": 200, "elapsed_ms": 4981}, "hypothesisId": "H2", "runId": "ui-buttons"}
{"sessionId": "820335", "timestamp": 1781917924612, "location": "server.py:middleware", "message": "api request", "data": {"method": "GET", "path": "/api/policies/apps", "status": 200, "elapsed_ms": 4983}, "hypothesisId": "H2", "runId": "ui-buttons"}
{"sessionId": "820335", "timestamp": 1781917924614, "location": "server.py:middleware", "message": "api request", "data": {"method": "GET", "path": "/api/policies/apps", "status": 200, "elapsed_ms": 4985}, "hypothesisId": "H2", "runId": "ui-buttons"}
{"sessionId": "820335", "timestamp": 1781917926228, "location": "server.py:middleware", "message": "api request", "data": {"method": "GET", "path": "/api/health", "status": 200, "elapsed_ms": 1614}, "hypothesisId": "H2", "runId": "ui-buttons"}
{"sessionId": "820335", "timestamp": 1781917926665, "location": "server.py:middleware", "message": "api request", "data": {"method": "GET", "path": "/api/status", "status": 200, "elapsed_ms": 2050}, "hypothesisId": "H2", "runId": "ui-buttons"}
{"sessionId": "820335", "timestamp": 1781917926666, "location": "server.py:middleware", "message": "api request", "data": {"method": "GET", "path": "/api/policies/apps", "status": 200, "elapsed_ms": 7036}, "hypothesisId": "H2", "runId": "ui-buttons"}
{"sessionId": "820335", "timestamp": 1781917927121, "location": "server.py:middleware", "message": "api request", "data": {"method": "GET", "path": "/api/policies/apps", "status": 200, "elapsed_ms": 19997}, "hypothesisId": "H2", "runId": "ui-buttons"}
{"sessionId": "820335", "timestamp": 1781917928071, "location": "server.py:middleware", "message": "api request", "data": {"method": "GET", "path": "/api/policies/apps", "status": 200, "elapsed_ms": 5062}, "hypothesisId": "H2", "runId": "ui-buttons"}
{"sessionId": "820335", "timestamp": 1781917928431, "location": "index.html:refresh", "message": "status ok", "data": {"active": true, "ai": 3, "net": 0, "pending": 0}, "hypothesisId": "H5", "runId": "ui-buttons"}
{"sessionId": "820335", "timestamp": 1781917928494, "location": "server.py:middleware", "message": "api request", "data": {"method": "POST", "path": "/api/debug-log", "status": 200, "elapsed_ms": 121}, "hypothesisId": "H2", "runId": "ui-buttons"}
{"sessionId": "820335", "timestamp": 1781917931085, "location": "server.py:middleware", "message": "api request", "data": {"method": "GET", "path": "/api/status", "status": 200, "elapsed_ms": 2639}, "hypothesisId": "H2", "runId": "ui-buttons"}
{"sessionId": "820335", "timestamp": 1781917932677, "location": "server.py:middleware", "message": "api request", "data": {"method": "GET", "path": "/api/status", "status": 200, "elapsed_ms": 813}, "hypothesisId": "H2", "runId": "ui-buttons"}
{"sessionId": "820335", "timestamp": 1781917932679, "location": "server.py:middleware", "message": "api request", "data": {"method": "GET", "path": "/api/policies/apps", "status": 200, "elapsed_ms": 7652}, "hypothesisId": "H2", "runId": "ui-buttons"}
{"sessionId": "820335", "timestamp": 1781917933109, "location": "server.py:middleware", "message": "api request", "data": {"method": "GET", "path": "/api/policies/apps", "status": 200, "elapsed_ms": 5911}, "hypothesisId": "H2", "runId": "ui-buttons"}
{"sessionId": "820335", "timestamp": 1781917935254, "location": "server.py:middleware", "message": "api request", "data": {"method": "GET", "path": "/api/status", "status": 200, "elapsed_ms": 827}, "hypothesisId": "H2", "runId": "ui-buttons"}
{"sessionId": "820335", "timestamp": 1781917937023, "location": "server.py:middleware", "message": "api request", "data": {"method": "GET", "path": "/api/policies/apps", "status": 200, "elapsed_ms": 3911}, "hypothesisId": "H2", "runId": "ui-buttons"}
{"sessionId": "820335", "timestamp": 1781917944102, "location": "server.py:middleware", "message": "api request", "data": {"method": "GET", "path": "/api/status", "status": 200, "elapsed_ms": 4137}, "hypothesisId": "H2", "runId": "ui-buttons"}
{"sessionId": "820335", "timestamp": 1781917946523, "location": "server.py:middleware", "message": "api request", "data": {"method": "GET", "path": "/api/status", "status": 200, "elapsed_ms": 814}, "hypothesisId": "H2", "runId": "ui-buttons"}
{"sessionId": "820335", "timestamp": 1781917946627, "location": "server.py:middleware", "message": "api request", "data": {"method": "GET", "path": "/api/models", "status": 200, "elapsed_ms": 917}, "hypothesisId": "H2", "runId": "ui-buttons"}
{"sessionId": "820335", "timestamp": 1781917947283, "location": "server.py:middleware", "message": "api request", "data": {"method": "GET", "path": "/api/status", "status": 200, "elapsed_ms": 730}, "hypothesisId": "H2", "runId": "ui-buttons"}
{"sessionId": "820335", "timestamp": 1781917947903, "location": "server.py:middleware", "message": "api request", "data": {"method": "GET", "path": "/api/health", "status": 200, "elapsed_ms": 732}, "hypothesisId": "H2", "runId": "ui-buttons"}
{"sessionId": "820335", "timestamp": 1781917948364, "location": "server.py:middleware", "message": "api request", "data": {"method": "GET", "path": "/api/status", "status": 200, "elapsed_ms": 1192}, "hypothesisId": "H2", "runId": "ui-buttons"}
{"sessionId": "820335", "timestamp": 1781917948982, "location": "index.html:refresh", "message": "status ok", "data": {"active": true, "ai": 3, "net": 0, "pending": 0}, "hypothesisId": "H5", "runId": "ui-buttons"}
{"sessionId": "820335", "timestamp": 1781917949378, "location": "server.py:middleware", "message": "api request", "data": {"method": "GET", "path": "/api/policies/apps", "status": 200, "elapsed_ms": 13024}, "hypothesisId": "H2", "runId": "ui-buttons"}
{"sessionId": "820335", "timestamp": 1781917949379, "location": "server.py:middleware", "message": "api request", "data": {"method": "POST", "path": "/api/debug-log", "status": 200, "elapsed_ms": 419}, "hypothesisId": "H2", "runId": "ui-buttons"}
{"sessionId": "820335", "timestamp": 1781917949963, "location": "server.py:middleware", "message": "api request", "data": {"method": "GET", "path": "/api/status", "status": 200, "elapsed_ms": 584}, "hypothesisId": "H2", "runId": "ui-buttons"}
{"sessionId": "820335", "timestamp": 1781917950352, "location": "server.py:middleware", "message": "api request", "data": {"method": "GET", "path": "/api/policies/apps", "status": 200, "elapsed_ms": 13267}, "hypothesisId": "H2", "runId": "ui-buttons"}
{"sessionId": "820335", "timestamp": 1781917953859, "location": "server.py:middleware", "message": "api request", "data": {"method": "GET", "path": "/api/policies/apps", "status": 200, "elapsed_ms": 5495}, "hypothesisId": "H2", "runId": "ui-buttons"}
{"sessionId": "820335", "timestamp": 1781917955447, "location": "server.py:middleware", "message": "api request", "data": {"method": "GET", "path": "/api/status", "status": 200, "elapsed_ms": 5312}, "hypothesisId": "H2", "runId": "ui-buttons"}
{"sessionId": "820335", "timestamp": 1781917958153, "location": "server.py:middleware", "message": "api request", "data": {"method": "GET", "path": "/api/policies/apps", "status": 200, "elapsed_ms": 4294}, "hypothesisId": "H2", "runId": "ui-buttons"}
{"sessionId": "820335", "timestamp": 1781917958406, "location": "server.py:middleware", "message": "api request", "data": {"method": "GET", "path": "/api/policies/apps", "status": 200, "elapsed_ms": 3738}, "hypothesisId": "H2", "runId": "ui-buttons"}
{"sessionId": "820335", "timestamp": 1781917960812, "location": "server.py:middleware", "message": "api request", "data": {"method": "GET", "path": "/api/policies/apps", "status": 200, "elapsed_ms": 12448}, "hypothesisId": "H2", "runId": "ui-buttons"}
{"sessionId": "820335", "timestamp": 1781917963216, "location": "server.py:middleware", "message": "api request", "data": {"method": "GET", "path": "/api/policies/apps", "status": 200, "elapsed_ms": 12654}, "hypothesisId": "H2", "runId": "ui-buttons"}
{"sessionId": "820335", "timestamp": 1781917963220, "location": "server.py:middleware", "message": "api request", "data": {"method": "GET", "path": "/api/policies/apps", "status": 200, "elapsed_ms": 6538}, "hypothesisId": "H2", "runId": "ui-buttons"}
{"sessionId": "820335", "timestamp": 1781917966616, "location": "server.py:middleware", "message": "api request", "data": {"method": "GET", "path": "/api/status", "status": 200, "elapsed_ms": 5805}, "hypothesisId": "H2", "runId": "ui-buttons"}
{"sessionId": "820335", "timestamp": 1781917967569, "location": "index.html:refresh", "message": "status ok", "data": {"active": true, "ai": 3, "net": 0, "pending": 0}, "hypothesisId": "H5", "runId": "ui-buttons"}
{"sessionId": "820335", "timestamp": 1781917967578, "location": "server.py:middleware", "message": "api request", "data": {"method": "POST", "path": "/api/debug-log", "status": 200, "elapsed_ms": 10}, "hypothesisId": "H2", "runId": "ui-buttons"}
{"sessionId": "820335", "timestamp": 1781917967578, "location": "server.py:middleware", "message": "api request", "data": {"method": "GET", "path": "/api/policies/apps", "status": 200, "elapsed_ms": 9041}, "hypothesisId": "H2", "runId": "ui-buttons"}
{"sessionId": "820335", "timestamp": 1781917968271, "location": "server.py:middleware", "message": "api request", "data": {"method": "GET", "path": "/api/policies/apps", "status": 200, "elapsed_ms": 5050}, "hypothesisId": "H2", "runId": "ui-buttons"}
{"sessionId": "820335", "timestamp": 1781917969274, "location": "server.py:middleware", "message": "api request", "data": {"method": "GET", "path": "/api/status", "status": 200, "elapsed_ms": 1003}, "hypothesisId": "H2", "runId": "ui-buttons"}
{"sessionId": "820335", "timestamp": 1781917973655, "location": "server.py:middleware", "message": "api request", "data": {"method": "GET", "path": "/api/policies/apps", "status": 200, "elapsed_ms": 4381}, "hypothesisId": "H2", "runId": "ui-buttons"}
{"sessionId": "820335", "timestamp": 1781917976393, "location": "server.py:middleware", "message": "api request", "data": {"method": "GET", "path": "/api/status", "status": 200, "elapsed_ms": 5280}, "hypothesisId": "H2", "runId": "ui-buttons"}
{"sessionId": "820335", "timestamp": 1781917980083, "location": "server.py:middleware", "message": "api request", "data": {"method": "GET", "path": "/api/policies/apps", "status": 200, "elapsed_ms": 6046}, "hypothesisId": "H2", "runId": "ui-buttons"}
{"sessionId": "820335", "timestamp": 1781917982517, "location": "server.py:middleware", "message": "api request", "data": {"method": "GET", "path": "/api/policies/apps", "status": 200, "elapsed_ms": 4516}, "hypothesisId": "H2", "runId": "ui-buttons"}
{"sessionId": "820335", "timestamp": 1781917983683, "location": "server.py:middleware", "message": "api request", "data": {"method": "GET", "path": "/api/policies/apps", "status": 200, "elapsed_ms": 4615}, "hypothesisId": "H2", "runId": "ui-buttons"}
{"sessionId": "820335", "timestamp": 1781917984852, "location": "server.py:middleware", "message": "api request", "data": {"method": "GET", "path": "/api/policies/apps", "status": 200, "elapsed_ms": 5596}, "hypothesisId": "H2", "runId": "ui-buttons"}
{"sessionId": "820335", "timestamp": 1781917986865, "location": "server.py:middleware", "message": "api request", "data": {"method": "GET", "path": "/api/policies/apps", "status": 200, "elapsed_ms": 6419}, "hypothesisId": "H2", "runId": "ui-buttons"}
{"sessionId": "820335", "timestamp": 1781917986910, "location": "server.py:middleware", "message": "api request", "data": {"method": "GET", "path": "/api/policies/apps", "status": 200, "elapsed_ms": 7843}, "hypothesisId": "H2", "runId": "ui-buttons"}
{"sessionId": "820335", "timestamp": 1781917986935, "location": "server.py:middleware", "message": "api request", "data": {"method": "GET", "path": "/api/status", "status": 200, "elapsed_ms": 5446}, "hypothesisId": "H2", "runId": "ui-buttons"}
{"sessionId": "820335", "timestamp": 1781917987031, "location": "index.html:refresh", "message": "status ok", "data": {"active": true, "ai": 3, "net": 0, "pending": 0}, "hypothesisId": "H5", "runId": "ui-buttons"}
{"sessionId": "820335", "timestamp": 1781917987035, "location": "server.py:middleware", "message": "api request", "data": {"method": "POST", "path": "/api/debug-log", "status": 200, "elapsed_ms": 5}, "hypothesisId": "H2", "runId": "ui-buttons"}
{"sessionId": "820335", "timestamp": 1781917996251, "location": "server.py:middleware", "message": "api request", "data": {"method": "GET", "path": "/api/policies/apps", "status": 200, "elapsed_ms": 9174}, "hypothesisId": "H2", "runId": "ui-buttons"}
{"sessionId": "820335", "timestamp": 1781917998382, "location": "server.py:middleware", "message": "api request", "data": {"method": "GET", "path": "/api/status", "status": 200, "elapsed_ms": 6738}, "hypothesisId": "H2", "runId": "ui-buttons"}
{"sessionId": "820335", "timestamp": 1781918000160, "location": "server.py:middleware", "message": "api request", "data": {"method": "GET", "path": "/api/status", "status": 200, "elapsed_ms": 560}, "hypothesisId": "H2", "runId": "ui-buttons"}
{"sessionId": "820335", "timestamp": 1781918000303, "location": "server.py:middleware", "message": "api request", "data": {"method": "GET", "path": "/api/extensions", "status": 200, "elapsed_ms": 702}, "hypothesisId": "H2", "runId": "ui-buttons"}
{"sessionId": "820335", "timestamp": 1781918000419, "location": "server.py:middleware", "message": "api request", "data": {"method": "GET", "path": "/api/models", "status": 200, "elapsed_ms": 819}, "hypothesisId": "H2", "runId": "ui-buttons"}
{"sessionId": "820335", "timestamp": 1781918004098, "location": "server.py:middleware", "message": "api request", "data": {"method": "GET", "path": "/api/policies/apps", "status": 200, "elapsed_ms": 4555}, "hypothesisId": "H2", "runId": "ui-buttons"}
{"sessionId": "820335", "timestamp": 1781918012240, "location": "server.py:middleware", "message": "api request", "data": {"method": "GET", "path": "/api/policies/apps", "status": 200, "elapsed_ms": 11896}, "hypothesisId": "H2", "runId": "ui-buttons"}
{"sessionId": "820335", "timestamp": 1781918012628, "location": "server.py:middleware", "message": "api request", "data": {"method": "GET", "path": "/api/policies/apps", "status": 200, "elapsed_ms": 5544}, "hypothesisId": "H2", "runId": "ui-buttons"}
{"sessionId": "820335", "timestamp": 1781918012629, "location": "server.py:middleware", "message": "api request", "data": {"method": "GET", "path": "/api/policies/apps", "status": 200, "elapsed_ms": 5545}, "hypothesisId": "H2", "runId": "ui-buttons"}
{"sessionId": "820335", "timestamp": 1781918013021, "location": "server.py:middleware", "message": "api request", "data": {"method": "GET", "path": "/api/policies/apps", "status": 200, "elapsed_ms": 16134}, "hypothesisId": "H2", "runId": "ui-buttons"}
{"sessionId": "820335", "timestamp": 1781918013786, "location": "server.py:middleware", "message": "api request", "data": {"method": "GET", "path": "/api/health", "status": 200, "elapsed_ms": 765}, "hypothesisId": "H2", "runId": "ui-buttons"}
{"sessionId": "820335", "timestamp": 1781918014169, "location": "server.py:middleware", "message": "api request", "data": {"method": "GET", "path": "/api/policies/apps", "status": 200, "elapsed_ms": 6511}, "hypothesisId": "H2", "runId": "ui-buttons"}
{"sessionId": "820335", "timestamp": 1781918015379, "location": "server.py:middleware", "message": "api request", "data": {"method": "GET", "path": "/api/status", "status": 200, "elapsed_ms": 13616}, "hypothesisId": "H2", "runId": "ui-buttons"}
{"sessionId": "820335", "timestamp": 1781918017033, "location": "server.py:middleware", "message": "api request", "data": {"method": "GET", "path": "/api/policies/apps", "status": 200, "elapsed_ms": 4403}, "hypothesisId": "H2", "runId": "ui-buttons"}
{"sessionId": "820335", "timestamp": 1781918017481, "location": "server.py:middleware", "message": "api request", "data": {"method": "GET", "path": "/api/status", "status": 200, "elapsed_ms": 12585}, "hypothesisId": "H2", "runId": "ui-buttons"}
{"sessionId": "820335", "timestamp": 1781918017482, "location": "index.html:refresh", "message": "status failed", "data": {"error": "Request timed out \u2014 is the service running?", "protocol": "http:"}, "hypothesisId": "H4", "runId": "ui-buttons"}
{"sessionId": "820335", "timestamp": 1781918017581, "location": "server.py:middleware", "message": "api request", "data": {"method": "POST", "path": "/api/debug-log", "status": 200, "elapsed_ms": 251}, "hypothesisId": "H2", "runId": "ui-buttons"}
{"sessionId": "820335", "timestamp": 1781918018172, "location": "server.py:middleware", "message": "api request", "data": {"method": "GET", "path": "/api/policies/apps", "status": 200, "elapsed_ms": 4001}, "hypothesisId": "H2", "runId": "ui-buttons"}
{"sessionId": "820335", "timestamp": 1781918018303, "location": "server.py:middleware", "message": "api request", "data": {"method": "GET", "path": "/api/status", "status": 200, "elapsed_ms": 2538}, "hypothesisId": "H2", "runId": "ui-buttons"}
{"sessionId": "820335", "timestamp": 1781918019857, "location": "server.py:middleware", "message": "api request", "data": {"method": "GET", "path": "/api/status", "status": 200, "elapsed_ms": 2276}, "hypothesisId": "H2", "runId": "ui-buttons"}
{"sessionId": "820335", "timestamp": 1781918021038, "location": "server.py:middleware", "message": "api request", "data": {"method": "GET", "path": "/api/policies/apps", "status": 200, "elapsed_ms": 2846}, "hypothesisId": "H2", "runId": "ui-buttons"}
{"sessionId": "820335", "timestamp": 1781918022622, "location": "server.py:middleware", "message": "api request", "data": {"method": "GET", "path": "/api/status", "status": 200, "elapsed_ms": 1583}, "hypothesisId": "H2", "runId": "ui-buttons"}
{"sessionId": "820335", "timestamp": 1781918022623, "location": "server.py:middleware", "message": "api request", "data": {"method": "GET", "path": "/api/extensions", "status": 200, "elapsed_ms": 813}, "hypothesisId": "H2", "runId": "ui-buttons"}
{"sessionId": "820335", "timestamp": 1781918022624, "location": "server.py:middleware", "message": "api request", "data": {"method": "GET", "path": "/api/models", "status": 200, "elapsed_ms": 812}, "hypothesisId": "H2", "runId": "ui-buttons"}
{"sessionId": "820335", "timestamp": 1781918023928, "location": "server.py:middleware", "message": "api request", "data": {"method": "GET", "path": "/api/extensions", "status": 200, "elapsed_ms": 883}, "hypothesisId": "H2", "runId": "ui-buttons"}
{"sessionId": "820335", "timestamp": 1781918024486, "location": "server.py:middleware", "message": "api request", "data": {"method": "GET", "path": "/api/status", "status": 200, "elapsed_ms": 558}, "hypothesisId": "H2", "runId": "ui-buttons"}
{"sessionId": "820335", "timestamp": 1781918026897, "location": "server.py:middleware", "message": "api request", "data": {"method": "GET", "path": "/api/policies/apps", "status": 200, "elapsed_ms": 5083}, "hypothesisId": "H2", "runId": "ui-buttons"}
{"sessionId": "820335", "timestamp": 1781918027398, "location": "server.py:middleware", "message": "api request", "data": {"method": "GET", "path": "/api/status", "status": 200, "elapsed_ms": 532}, "hypothesisId": "H2", "runId": "ui-buttons"}
{"sessionId": "820335", "timestamp": 1781918027428, "location": "index.html:refresh", "message": "status ok", "data": {"active": true, "ai": 3, "net": 0, "pending": 0}, "hypothesisId": "H5", "runId": "ui-buttons"}
{"sessionId": "820335", "timestamp": 1781918028021, "location": "server.py:middleware", "message": "api request", "data": {"method": "POST", "path": "/api/debug-log", "status": 200, "elapsed_ms": 617}, "hypothesisId": "H2", "runId": "ui-buttons"}
{"sessionId": "820335", "timestamp": 1781918031878, "location": "server.py:middleware", "message": "api request", "data": {"method": "GET", "path": "/api/policies/apps", "status": 200, "elapsed_ms": 9256}, "hypothesisId": "H2", "runId": "ui-buttons"}
{"sessionId": "820335", "timestamp": 1781918033846, "location": "server.py:middleware", "message": "api request", "data": {"method": "GET", "path": "/api/status", "status": 200, "elapsed_ms": 6354}, "hypothesisId": "H2", "runId": "ui-buttons"}
{"sessionId": "820335", "timestamp": 1781918036173, "location": "server.py:middleware", "message": "api request", "data": {"method": "GET", "path": "/api/models", "status": 200, "elapsed_ms": 643}, "hypothesisId": "H2", "runId": "ui-buttons"}
{"sessionId": "820335", "timestamp": 1781918036182, "location": "server.py:middleware", "message": "api request", "data": {"method": "GET", "path": "/api/status", "status": 200, "elapsed_ms": 696}, "hypothesisId": "H2", "runId": "ui-buttons"}
{"sessionId": "820335", "timestamp": 1781918036250, "location": "server.py:middleware", "message": "api request", "data": {"method": "GET", "path": "/api/extensions", "status": 200, "elapsed_ms": 721}, "hypothesisId": "H2", "runId": "ui-buttons"}
{"sessionId": "820335", "timestamp": 1781918038600, "location": "server.py:middleware", "message": "api request", "data": {"method": "GET", "path": "/api/models", "status": 200, "elapsed_ms": 546}, "hypothesisId": "H2", "runId": "ui-buttons"}
{"sessionId": "820335", "timestamp": 1781918038647, "location": "server.py:middleware", "message": "api request", "data": {"method": "GET", "path": "/api/extensions", "status": 200, "elapsed_ms": 594}, "hypothesisId": "H2", "runId": "ui-buttons"}
{"sessionId": "820335", "timestamp": 1781918043389, "location": "server.py:middleware", "message": "api request", "data": {"method": "GET", "path": "/api/health", "status": 200, "elapsed_ms": 792}, "hypothesisId": "H2", "runId": "ui-buttons"}
{"sessionId": "820335", "timestamp": 1781918046375, "location": "server.py:middleware", "message": "api request", "data": {"method": "GET", "path": "/api/status", "status": 200, "elapsed_ms": 8322}, "hypothesisId": "H2", "runId": "ui-buttons"}
{"sessionId": "820335", "timestamp": 1781918046972, "location": "server.py:middleware", "message": "api request", "data": {"method": "GET", "path": "/api/policies/apps", "status": 200, "elapsed_ms": 14696}, "hypothesisId": "H2", "runId": "ui-buttons"}
{"sessionId": "820335", "timestamp": 1781918047752, "location": "server.py:middleware", "message": "api request", "data": {"method": "GET", "path": "/api/policies/apps", "status": 200, "elapsed_ms": 6330}, "hypothesisId": "H2", "runId": "ui-buttons"}
{"sessionId": "820335", "timestamp": 1781918048641, "location": "server.py:middleware", "message": "api request", "data": {"method": "GET", "path": "/api/policies/apps", "status": 200, "elapsed_ms": 2160}, "hypothesisId": "H2", "runId": "ui-buttons"}
{"sessionId": "820335", "timestamp": 1781918048658, "location": "server.py:middleware", "message": "api request", "data": {"method": "GET", "path": "/api/policies/apps", "status": 200, "elapsed_ms": 1533}, "hypothesisId": "H2", "runId": "ui-buttons"}
{"sessionId": "820335", "timestamp": 1781918048755, "location": "index.html:refresh", "message": "status ok", "data": {"active": true, "ai": 3, "net": 0, "pending": 0}, "hypothesisId": "H5", "runId": "ui-buttons"}
{"sessionId": "820335", "timestamp": 1781918048757, "location": "server.py:middleware", "message": "api request", "data": {"method": "POST", "path": "/api/debug-log", "status": 200, "elapsed_ms": 3}, "hypothesisId": "H2", "runId": "ui-buttons"}
{"sessionId": "820335", "timestamp": 1781918048758, "location": "server.py:middleware", "message": "api request", "data": {"method": "GET", "path": "/api/policies/apps", "status": 200, "elapsed_ms": 840}, "hypothesisId": "H2", "runId": "ui-buttons"}
{"sessionId": "820335", "timestamp": 1781918048760, "location": "server.py:middleware", "message": "api request", "data": {"method": "GET", "path": "/api/policies/apps", "status": 200, "elapsed_ms": 5369}, "hypothesisId": "H2", "runId": "ui-buttons"}
{"sessionId": "820335", "timestamp": 1781918048761, "location": "server.py:middleware", "message": "api request", "data": {"method": "GET", "path": "/api/policies/apps", "status": 200, "elapsed_ms": 5369}, "hypothesisId": "H2", "runId": "ui-buttons"}
{"sessionId": "820335", "timestamp": 1781918048829, "location": "server.py:middleware", "message": "api request", "data": {"method": "GET", "path": "/api/policies/apps", "status": 200, "elapsed_ms": 7792}, "hypothesisId": "H2", "runId": "ui-buttons"}
{"sessionId": "820335", "timestamp": 1781918055163, "location": "server.py:middleware", "message": "api request", "data": {"method": "GET", "path": "/api/policies/apps", "status": 200, "elapsed_ms": 6342}, "hypothesisId": "H2", "runId": "ui-buttons"}
{"sessionId": "820335", "timestamp": 1781918058583, "location": "server.py:middleware", "message": "api request", "data": {"method": "GET", "path": "/api/status", "status": 200, "elapsed_ms": 503}, "hypothesisId": "H2", "runId": "ui-buttons"}
{"sessionId": "820335", "timestamp": 1781918061471, "location": "server.py:middleware", "message": "api request", "data": {"method": "GET", "path": "/api/policies/apps", "status": 200, "elapsed_ms": 6306}, "hypothesisId": "H2", "runId": "ui-buttons"}
{"sessionId": "820335", "timestamp": 1781918067721, "location": "server.py:middleware", "message": "api request", "data": {"method": "GET", "path": "/api/status", "status": 200, "elapsed_ms": 7918}, "hypothesisId": "H2", "runId": "ui-buttons"}
{"sessionId": "820335", "timestamp": 1781918069576, "location": "server.py:middleware", "message": "api request", "data": {"method": "GET", "path": "/api/status", "status": 200, "elapsed_ms": 899}, "hypothesisId": "H2", "runId": "ui-buttons"}
{"sessionId": "820335", "timestamp": 1781918069727, "location": "server.py:middleware", "message": "api request", "data": {"method": "GET", "path": "/api/extensions", "status": 200, "elapsed_ms": 998}, "hypothesisId": "H2", "runId": "ui-buttons"}
{"sessionId": "820335", "timestamp": 1781918069920, "location": "server.py:middleware", "message": "api request", "data": {"method": "GET", "path": "/api/models", "status": 200, "elapsed_ms": 1125}, "hypothesisId": "H2", "runId": "ui-buttons"}
{"sessionId": "820335", "timestamp": 1781918070013, "location": "server.py:middleware", "message": "api request", "data": {"method": "GET", "path": "/api/policies/apps", "status": 200, "elapsed_ms": 8540}, "hypothesisId": "H2", "runId": "ui-buttons"}
{"sessionId": "820335", "timestamp": 1781918072708, "location": "server.py:middleware", "message": "api request", "data": {"method": "GET", "path": "/api/status", "status": 200, "elapsed_ms": 7657}, "hypothesisId": "H2", "runId": "ui-buttons"}
{"sessionId": "820335", "timestamp": 1781918080602, "location": "server.py:middleware", "message": "api request", "data": {"method": "GET", "path": "/api/policies/apps", "status": 200, "elapsed_ms": 11044}, "hypothesisId": "H2", "runId": "ui-buttons"}
{"sessionId": "820335", "timestamp": 1781918080605, "location": "server.py:middleware", "message": "api request", "data": {"method": "GET", "path": "/api/policies/apps", "status": 200, "elapsed_ms": 10887}, "hypothesisId": "H2", "runId": "ui-buttons"}
{"sessionId": "820335", "timestamp": 1781918080607, "location": "index.html:refresh", "message": "status failed", "data": {"error": "Request timed out \u2014 is the service running?", "protocol": "http:"}, "hypothesisId": "H4", "runId": "ui-buttons"}
{"sessionId": "820335", "timestamp": 1781918080985, "location": "server.py:middleware", "message": "api request", "data": {"method": "POST", "path": "/api/debug-log", "status": 200, "elapsed_ms": 379}, "hypothesisId": "H2", "runId": "ui-buttons"}
{"sessionId": "820335", "timestamp": 1781918081373, "location": "server.py:middleware", "message": "api request", "data": {"method": "GET", "path": "/api/status", "status": 200, "elapsed_ms": 11370}, "hypothesisId": "H2", "runId": "ui-buttons"}
{"sessionId": "820335", "timestamp": 1781918082189, "location": "server.py:middleware", "message": "api request", "data": {"method": "GET", "path": "/api/policies/apps", "status": 200, "elapsed_ms": 12003}, "hypothesisId": "H2", "runId": "ui-buttons"}
{"sessionId": "820335", "timestamp": 1781918085753, "location": "server.py:middleware", "message": "api request", "data": {"method": "GET", "path": "/api/policies/apps", "status": 200, "elapsed_ms": 11056}, "hypothesisId": "H2", "runId": "ui-buttons"}
{"sessionId": "820335", "timestamp": 1781918088058, "location": "server.py:middleware", "message": "api request", "data": {"method": "GET", "path": "/api/policies/apps", "status": 200, "elapsed_ms": 7451}, "hypothesisId": "H2", "runId": "ui-buttons"}
{"sessionId": "820335", "timestamp": 1781918089096, "location": "server.py:middleware", "message": "api request", "data": {"method": "GET", "path": "/api/status", "status": 200, "elapsed_ms": 6909}, "hypothesisId": "H2", "runId": "ui-buttons"}
{"sessionId": "820335", "timestamp": 1781918089624, "location": "server.py:middleware", "message": "api request", "data": {"method": "GET", "path": "/api/policies/apps", "status": 200, "elapsed_ms": 7433}, "hypothesisId": "H2", "runId": "ui-buttons"}
{"sessionId": "820335", "timestamp": 1781918094676, "location": "server.py:middleware", "message": "api request", "data": {"method": "GET", "path": "/api/policies/apps", "status": 200, "elapsed_ms": 24756}, "hypothesisId": "H2", "runId": "ui-buttons"}
{"sessionId": "820335", "timestamp": 1781918096026, "location": "server.py:middleware", "message": "api request", "data": {"method": "GET", "path": "/api/status", "status": 200, "elapsed_ms": 14653}, "hypothesisId": "H2", "runId": "ui-buttons"}
{"sessionId": "820335", "timestamp": 1781918096943, "location": "server.py:middleware", "message": "api request", "data": {"method": "GET", "path": "/api/status", "status": 200, "elapsed_ms": 8771}, "hypothesisId": "H2", "runId": "ui-buttons"}
{"sessionId": "820335", "timestamp": 1781918100684, "location": "server.py:middleware", "message": "api request", "data": {"method": "GET", "path": "/api/status", "status": 200, "elapsed_ms": 8337}, "hypothesisId": "H2", "runId": "ui-buttons"}
{"sessionId": "820335", "timestamp": 1781918101466, "location": "index.html:refresh", "message": "status failed", "data": {"error": "Request timed out \u2014 is the service running?", "protocol": "http:"}, "hypothesisId": "H4", "runId": "ui-buttons"}
{"sessionId": "820335", "timestamp": 1781918101467, "location": "server.py:middleware", "message": "api request", "data": {"method": "POST", "path": "/api/debug-log", "status": 200, "elapsed_ms": 2}, "hypothesisId": "H2", "runId": "ui-buttons"}
{"sessionId": "820335", "timestamp": 1781918103441, "location": "server.py:middleware", "message": "api request", "data": {"method": "GET", "path": "/api/status", "status": 200, "elapsed_ms": 7416}, "hypothesisId": "H2", "runId": "ui-buttons"}
{"sessionId": "820335", "timestamp": 1781918106077, "location": "server.py:middleware", "message": "api request", "data": {"method": "GET", "path": "/api/status", "status": 200, "elapsed_ms": 3823}, "hypothesisId": "H2", "runId": "ui-buttons"}
{"sessionId": "820335", "timestamp": 1781918106695, "location": "server.py:middleware", "message": "api request", "data": {"method": "GET", "path": "/api/status", "status": 200, "elapsed_ms": 623}, "hypothesisId": "H2", "runId": "ui-buttons"}
{"sessionId": "820335", "timestamp": 1781918110804, "location": "server.py:middleware", "message": "api request", "data": {"method": "GET", "path": "/api/policies/apps", "status": 200, "elapsed_ms": 20007}, "hypothesisId": "H2", "runId": "ui-buttons"}
{"sessionId": "820335", "timestamp": 1781918111719, "location": "server.py:middleware", "message": "api request", "data": {"method": "GET", "path": "/api/extensions", "status": 200, "elapsed_ms": 1700}, "hypothesisId": "H2", "runId": "ui-buttons"}
{"sessionId": "820335", "timestamp": 1781918111720, "location": "server.py:middleware", "message": "api request", "data": {"method": "GET", "path": "/api/models", "status": 200, "elapsed_ms": 915}, "hypothesisId": "H2", "runId": "ui-buttons"}
{"sessionId": "820335", "timestamp": 1781918113707, "location": "index.html:refresh", "message": "status ok", "data": {"active": true, "ai": 3, "net": 0, "pending": 0}, "hypothesisId": "H5", "runId": "ui-buttons"}
{"sessionId": "820335", "timestamp": 1781918114150, "location": "server.py:middleware", "message": "api request", "data": {"method": "POST", "path": "/api/debug-log", "status": 200, "elapsed_ms": 443}, "hypothesisId": "H2", "runId": "ui-buttons"}
{"sessionId": "820335", "timestamp": 1781918114151, "location": "server.py:middleware", "message": "api request", "data": {"method": "GET", "path": "/api/status", "status": 200, "elapsed_ms": 17733}, "hypothesisId": "H2", "runId": "ui-buttons"}
{"sessionId": "820335", "timestamp": 1781918116800, "location": "server.py:middleware", "message": "api request", "data": {"method": "GET", "path": "/api/status", "status": 200, "elapsed_ms": 18734}, "hypothesisId": "H2", "runId": "ui-buttons"}
{"sessionId": "820335", "timestamp": 1781918119085, "location": "server.py:middleware", "message": "api request", "data": {"method": "GET", "path": "/api/status", "status": 200, "elapsed_ms": 32813}, "hypothesisId": "H2", "runId": "ui-buttons"}
{"sessionId": "820335", "timestamp": 1781918128105, "location": "server.py:middleware", "message": "api request", "data": {"method": "GET", "path": "/api/policies/apps", "status": 200, "elapsed_ms": 9819}, "hypothesisId": "H2", "runId": "ui-buttons"}
{"sessionId": "820335", "timestamp": 1781918129153, "location": "server.py:middleware", "message": "api request", "data": {"method": "GET", "path": "/api/policies/apps", "status": 200, "elapsed_ms": 17431}, "hypothesisId": "H2", "runId": "ui-buttons"}
{"sessionId": "820335", "timestamp": 1781918129329, "location": "server.py:middleware", "message": "api request", "data": {"method": "GET", "path": "/api/policies/apps", "status": 200, "elapsed_ms": 17605}, "hypothesisId": "H2", "runId": "ui-buttons"}
{"sessionId": "820335", "timestamp": 1781918131168, "location": "server.py:middleware", "message": "api request", "data": {"method": "GET", "path": "/api/status", "status": 200, "elapsed_ms": 16594}, "hypothesisId": "H2", "runId": "ui-buttons"}
{"sessionId": "820335", "timestamp": 1781918132534, "location": "server.py:middleware", "message": "api request", "data": {"method": "GET", "path": "/api/policies/apps", "status": 200, "elapsed_ms": 8244}, "hypothesisId": "H2", "runId": "ui-buttons"}
{"sessionId": "820335", "timestamp": 1781918133719, "location": "server.py:middleware", "message": "api request", "data": {"method": "GET", "path": "/api/status", "status": 200, "elapsed_ms": 9430}, "hypothesisId": "H2", "runId": "ui-buttons"}
{"sessionId": "820335", "timestamp": 1781918134566, "location": "server.py:middleware", "message": "api request", "data": {"method": "GET", "path": "/api/status", "status": 200, "elapsed_ms": 9470}, "hypothesisId": "H2", "runId": "ui-buttons"}
{"sessionId": "820335", "timestamp": 1781918135777, "location": "server.py:middleware", "message": "api request", "data": {"method": "GET", "path": "/api/status", "status": 200, "elapsed_ms": 812}, "hypothesisId": "H2", "runId": "ui-buttons"}
{"sessionId": "820335", "timestamp": 1781918137408, "location": "server.py:middleware", "message": "api request", "data": {"method": "GET", "path": "/api/policies/apps", "status": 200, "elapsed_ms": 8079}, "hypothesisId": "H2", "runId": "ui-buttons"}
{"sessionId": "820335", "timestamp": 1781918139853, "location": "server.py:middleware", "message": "api request", "data": {"method": "GET", "path": "/api/policies/apps", "status": 200, "elapsed_ms": 5689}, "hypothesisId": "H2", "runId": "ui-buttons"}
{"sessionId": "820335", "timestamp": 1781918142324, "location": "server.py:middleware", "message": "api request", "data": {"method": "GET", "path": "/api/status", "status": 200, "elapsed_ms": 14088}, "hypothesisId": "H2", "runId": "ui-buttons"}
{"sessionId": "820335", "timestamp": 1781918144027, "location": "server.py:middleware", "message": "api request", "data": {"method": "GET", "path": "/api/status", "status": 200, "elapsed_ms": 14604}, "hypothesisId": "H2", "runId": "ui-buttons"}
{"sessionId": "820335", "timestamp": 1781918147338, "location": "server.py:middleware", "message": "api request", "data": {"method": "GET", "path": "/api/status", "status": 200, "elapsed_ms": 16061}, "hypothesisId": "H2", "runId": "ui-buttons"}
{"sessionId": "820335", "timestamp": 1781918149389, "location": "server.py:middleware", "message": "api request", "data": {"method": "GET", "path": "/api/status", "status": 200, "elapsed_ms": 9123}, "hypothesisId": "H2", "runId": "ui-buttons"}
{"sessionId": "820335", "timestamp": 1781918151496, "location": "server.py:middleware", "message": "api request", "data": {"method": "GET", "path": "/api/status", "status": 200, "elapsed_ms": 9168}, "hypothesisId": "H2", "runId": "ui-buttons"}
{"sessionId": "820335", "timestamp": 1781918157081, "location": "server.py:middleware", "message": "api request", "data": {"method": "GET", "path": "/api/policies/apps", "status": 200, "elapsed_ms": 23362}, "hypothesisId": "H2", "runId": "ui-buttons"}
{"sessionId": "820335", "timestamp": 1781918159563, "location": "server.py:middleware", "message": "api request", "data": {"method": "GET", "path": "/api/policies/apps", "status": 200, "elapsed_ms": 9614}, "hypothesisId": "H2", "runId": "ui-buttons"}
{"sessionId": "820335", "timestamp": 1781918161346, "location": "server.py:middleware", "message": "api request", "data": {"method": "GET", "path": "/api/policies/apps", "status": 200, "elapsed_ms": 9451}, "hypothesisId": "H2", "runId": "ui-buttons"}
{"sessionId": "820335", "timestamp": 1781918162521, "location": "server.py:middleware", "message": "api request", "data": {"method": "GET", "path": "/api/policies/apps", "status": 200, "elapsed_ms": 18492}, "hypothesisId": "H2", "runId": "ui-buttons"}
{"sessionId": "820335", "timestamp": 1781918162924, "location": "server.py:middleware", "message": "api request", "data": {"method": "GET", "path": "/api/policies/apps", "status": 200, "elapsed_ms": 25365}, "hypothesisId": "H2", "runId": "ui-buttons"}
{"sessionId": "820335", "timestamp": 1781918166925, "location": "server.py:middleware", "message": "api request", "data": {"method": "GET", "path": "/api/status", "status": 200, "elapsed_ms": 19446}, "hypothesisId": "H2", "runId": "ui-buttons"}
{"sessionId": "820335", "timestamp": 1781918166938, "location": "server.py:middleware", "message": "api request", "data": {"method": "GET", "path": "/api/status", "status": 200, "elapsed_ms": 3240}, "hypothesisId": "H2", "runId": "ui-buttons"}
{"sessionId": "820335", "timestamp": 1781918166939, "location": "server.py:middleware", "message": "api request", "data": {"method": "GET", "path": "/api/policies/apps", "status": 200, "elapsed_ms": 3240}, "hypothesisId": "H2", "runId": "ui-buttons"}
{"sessionId": "820335", "timestamp": 1781918166953, "location": "index.html:refresh", "message": "status failed", "data": {"error": "Request timed out \u2014 is the service running?", "protocol": "http:"}, "hypothesisId": "H4", "runId": "ui-buttons"}
{"sessionId": "820335", "timestamp": 1781918166955, "location": "server.py:middleware", "message": "api request", "data": {"method": "POST", "path": "/api/debug-log", "status": 200, "elapsed_ms": 2}, "hypothesisId": "H2", "runId": "ui-buttons"}
{"sessionId": "820335", "timestamp": 1781918167063, "location": "index.html:refresh", "message": "status failed", "data": {"error": "Request timed out \u2014 is the service running?", "protocol": "http:"}, "hypothesisId": "H4", "runId": "ui-buttons"}
{"sessionId": "820335", "timestamp": 1781918167064, "location": "server.py:middleware", "message": "api request", "data": {"method": "POST", "path": "/api/debug-log", "status": 200, "elapsed_ms": 1}, "hypothesisId": "H2", "runId": "ui-buttons"}
{"sessionId": "820335", "timestamp": 1781918167097, "location": "server.py:middleware", "message": "api request", "data": {"method": "GET", "path": "/api/status", "status": 200, "elapsed_ms": 7396}, "hypothesisId": "H2", "runId": "ui-buttons"}
{"sessionId": "820335", "timestamp": 1781918167212, "location": "index.html:refresh", "message": "status ok", "data": {"active": true, "ai": 3, "net": 0, "pending": 0}, "hypothesisId": "H5", "runId": "ui-buttons"}
{"sessionId": "820335", "timestamp": 1781918167218, "location": "server.py:middleware", "message": "api request", "data": {"method": "POST", "path": "/api/debug-log", "status": 200, "elapsed_ms": 6}, "hypothesisId": "H2", "runId": "ui-buttons"}
{"sessionId": "820335", "timestamp": 1781918167365, "location": "server.py:middleware", "message": "api request", "data": {"method": "GET", "path": "/api/status", "status": 200, "elapsed_ms": 5515}, "hypothesisId": "H2", "runId": "ui-buttons"}
{"sessionId": "820335", "timestamp": 1781918167399, "location": "server.py:middleware", "message": "api request", "data": {"method": "GET", "path": "/api/status", "status": 200, "elapsed_ms": 9913}, "hypothesisId": "H2", "runId": "ui-buttons"}
{"sessionId": "820335", "timestamp": 1781918174020, "location": "server.py:middleware", "message": "api request", "data": {"method": "GET", "path": "/api/status", "status": 200, "elapsed_ms": 6229}, "hypothesisId": "H2", "runId": "ui-buttons"}
{"sessionId": "820335", "timestamp": 1781918175009, "location": "server.py:middleware", "message": "api request", "data": {"method": "GET", "path": "/api/status", "status": 200, "elapsed_ms": 545}, "hypothesisId": "H2", "runId": "ui-buttons"}
{"sessionId": "820335", "timestamp": 1781918182430, "location": "server.py:middleware", "message": "api request", "data": {"method": "GET", "path": "/api/policies/apps", "status": 200, "elapsed_ms": 14790}, "hypothesisId": "H2", "runId": "ui-buttons"}
{"sessionId": "820335", "timestamp": 1781918186112, "location": "server.py:middleware", "message": "api request", "data": {"method": "GET", "path": "/api/status", "status": 200, "elapsed_ms": 8289}, "hypothesisId": "H2", "runId": "ui-buttons"}
{"sessionId": "820335", "timestamp": 1781918187551, "location": "server.py:middleware", "message": "api request", "data": {"method": "GET", "path": "/api/extensions", "status": 200, "elapsed_ms": 965}, "hypothesisId": "H2", "runId": "ui-buttons"}
{"sessionId": "820335", "timestamp": 1781918188785, "location": "server.py:middleware", "message": "api request", "data": {"method": "GET", "path": "/api/models", "status": 200, "elapsed_ms": 1785}, "hypothesisId": "H2", "runId": "ui-buttons"}
